Flutter crash report.
Please report a bug at https://github.com/flutter/flutter/issues.

## command

flutter run --machine --start-paused -d 00008110-001044421A22801E --devtools-server-address http://127.0.0.1:9100/ --target /Users/hwangjimin/Documents/dev/proj/rtc/video_conf/lib/main.dart

## exception

SocketException: SocketException: Send failed (OS Error: No route to host, errno = 65), address = 0.0.0.0, port = 5353

```
#0      _NativeSocket.send (dart:io-patch/socket_patch.dart:1269:34)
#1      _RawDatagramSocket.send (dart:io-patch/socket_patch.dart:2584:15)
#2      MDnsClient.lookup (package:multicast_dns/multicast_dns.dart:225:14)
#3      MDnsVmServiceDiscovery._pollingVmService (package:flutter_tools/src/mdns_discovery.dart:232:66)
<asynchronous suspension>
#4      MDnsVmServiceDiscovery.firstMatchingVmService (package:flutter_tools/src/mdns_discovery.dart:188:56)
<asynchronous suspension>
#5      MDnsVmServiceDiscovery.getVMServiceUriForLaunch (package:flutter_tools/src/mdns_discovery.dart:433:50)
<asynchronous suspension>
#6      Future.any.onValue (dart:async/future.dart:618:5)
<asynchronous suspension>
```

## flutter doctor

```
[!] Flutter (Channel stable, 3.22.1, on macOS 15.2 24C101 darwin-arm64, locale ko-KR)
    • Flutter version 3.22.1 on channel stable at /Users/hwangjimin/Documents/dev/sdk/flutter
    ! Warning: `flutter` on your path resolves to /Users/hwangjimin/development/flutter/bin/flutter, which is not inside your current Flutter SDK checkout at /Users/hwangjimin/Documents/dev/sdk/flutter. Consider adding /Users/hwangjimin/Documents/dev/sdk/flutter/bin to the front of your path.
    ! Warning: `dart` on your path resolves to /Users/hwangjimin/development/flutter/bin/dart, which is not inside your current Flutter SDK checkout at /Users/hwangjimin/Documents/dev/sdk/flutter. Consider adding /Users/hwangjimin/Documents/dev/sdk/flutter/bin to the front of your path.
    • Upstream repository https://github.com/flutter/flutter.git
    • Framework revision a14f74ff3a (7달 전), 2024-05-22 11:08:21 -0500
    • Engine revision 55eae6864b
    • Dart version 3.4.1
    • DevTools version 2.34.3
    • If those were intentional, you can disregard the above warnings; however it is recommended to use "git" directly to perform update checks and upgrades.

[!] Android toolchain - develop for Android devices (Android SDK version 34.0.0)
    • Android SDK at /Users/hwangjimin/Library/Android/sdk
    • Platform android-34, build-tools 34.0.0
    • Java binary at: /Applications/Android Studio.app/Contents/jbr/Contents/Home/bin/java
    • Java version OpenJDK Runtime Environment (build 17.0.10+0-17.0.10b1087.21-11572160)
    ! Some Android licenses not accepted. To resolve this, run: flutter doctor --android-licenses

[✓] Xcode - develop for iOS and macOS (Xcode 16.2)
    • Xcode at /Applications/Xcode.app/Contents/Developer
    • Build 16C5032a
    • CocoaPods version 1.16.2

[✓] Chrome - develop for the web
    • Chrome at /Applications/Google Chrome.app/Contents/MacOS/Google Chrome

[✓] Android Studio (version 2023.3)
    • Android Studio at /Applications/Android Studio.app/Contents
    • Flutter plugin can be installed from:
      🔨 https://plugins.jetbrains.com/plugin/9212-flutter
    • Dart plugin can be installed from:
      🔨 https://plugins.jetbrains.com/plugin/6351-dart
    • Java version OpenJDK Runtime Environment (build 17.0.10+0-17.0.10b1087.21-11572160)

[✓] Connected device (4 available)
    • 팯미니 (mobile)                    • 00008110-001044421A22801E • ios            • iOS 18.1.1 22B91
    • macOS (desktop)                 • macos                     • darwin-arm64   • macOS 15.2 24C101 darwin-arm64
    • Mac Designed for iPad (desktop) • mac-designed-for-ipad     • darwin         • macOS 15.2 24C101 darwin-arm64
    • Chrome (web)                    • chrome                    • web-javascript • Google Chrome 131.0.6778.205

[✓] Network resources
    • All expected network resources are available.

! Doctor found issues in 2 categories.
```
